
  Judge0 Harness Load Tester
  ───────────────────────────────────────────────
  Target:       http://localhost:2358
  Users:        10
  Ramp-up:      2s
  Problems:     3
  Dry run:      false
  Mode:         Harness (1 job per submission)
  Batch equiv:  ~40 jobs if using batch approach
  ───────────────────────────────────────────────

  Progress: 2/10 (20%) | In-flight: 0 | Elapsed: 2s  Progress: 2/10 (20%) | In-flight: 0 | Elapsed: 4s  Progress: 3/10 (30%) | In-flight: 0 | Elapsed: 6s

╔══════════════════════════════════════════════════════════════╗
║              JUDGE0 HARNESS LOAD TEST RESULTS               ║
╚══════════════════════════════════════════════════════════════╝

  Total Users:                   10
  Test Duration:                 7.9s
  Total Submissions:             10
  Completed:                     10
  Errors (network/poll):         0
  Blocked by AST checker:        2

  ── Queue Depth Comparison ─────────────────────────────────
  Harness jobs (actual):         10
  Batch equivalent jobs:         40
  Queue reduction factor:        4.0x
  Peak in-flight jobs:           8

  ── Latency ────────────────────────────────────────────────
  Average:                       4447ms
  p50:                           5053ms
  p95:                           7067ms
  p99:                           7067ms
  Max:                           7082ms

  ── Throughput ─────────────────────────────────────────────
  Submissions/sec:               1.27/sec

  ── Result Status Breakdown ────────────────────────────────
  PASS:                          3 (30.0%)
  FAIL:                          1 (10.0%)
  TLE:                           2 (20.0%)
  ERROR:                         2 (20.0%)
  BLOCKED:                       2 (20.0%)

  ── Solution Type Breakdown ────────────────────────────────
  accepted:                      3
  wrong_answer:                  1
  runtime_error:                 2
  time_limit_exceeded:           2
  syntax_error:                  2

  ── Per-Problem Breakdown ──────────────────────────────────
  fibonacci:                     4 submissions
  lis:                           2 submissions
  two_sum:                       4 submissions

  JSON report written to: batch_reports/pipelined/batch_06.json

