
  Judge0 Harness Load Tester
  ───────────────────────────────────────────────
  Target:       http://localhost:2358
  Users:        10
  Ramp-up:      2s
  Problems:     3
  Dry run:      false
  Mode:         Harness (1 job per submission)
  Batch equiv:  ~40 jobs if using batch approach
  ───────────────────────────────────────────────

  Progress: 1/10 (10%) | In-flight: 0 | Elapsed: 2s  Progress: 6/10 (60%) | In-flight: 0 | Elapsed: 4s  Progress: 9/10 (90%) | In-flight: 0 | Elapsed: 6s

╔══════════════════════════════════════════════════════════════╗
║              JUDGE0 HARNESS LOAD TEST RESULTS               ║
╚══════════════════════════════════════════════════════════════╝

  Total Users:                   10
  Test Duration:                 6.5s
  Total Submissions:             10
  Completed:                     10
  Errors (network/poll):         0
  Blocked by AST checker:        1

  ── Queue Depth Comparison ─────────────────────────────────
  Harness jobs (actual):         10
  Batch equivalent jobs:         40
  Queue reduction factor:        4.0x
  Peak in-flight jobs:           9

  ── Latency ────────────────────────────────────────────────
  Average:                       2931ms
  p50:                           3030ms
  p95:                           3047ms
  p99:                           3047ms
  Max:                           5060ms

  ── Throughput ─────────────────────────────────────────────
  Submissions/sec:               1.55/sec

  ── Result Status Breakdown ────────────────────────────────
  FAIL:                          6 (60.0%)
  TLE:                           1 (10.0%)
  ERROR:                         2 (20.0%)
  BLOCKED:                       1 (10.0%)

  ── Solution Type Breakdown ────────────────────────────────
  syntax_error:                  1
  runtime_error:                 2
  wrong_answer:                  6
  time_limit_exceeded:           1

  ── Per-Problem Breakdown ──────────────────────────────────
  fibonacci:                     4 submissions
  two_sum:                       4 submissions
  lis:                           2 submissions

  JSON report written to: batch_reports/pipelined/batch_01.json

