
  Judge0 Harness Load Tester
  ───────────────────────────────────────────────
  Target:       http://localhost:2358
  Users:        10
  Ramp-up:      2s
  Problems:     3
  Dry run:      false
  Mode:         Harness (1 job per submission)
  Batch equiv:  ~40 jobs if using batch approach
  ───────────────────────────────────────────────

  Progress: 0/10 (0%) | In-flight: 0 | Elapsed: 2s  Progress: 0/10 (0%) | In-flight: 0 | Elapsed: 4s  Progress: 0/10 (0%) | In-flight: 0 | Elapsed: 6s  Progress: 0/10 (0%) | In-flight: 0 | Elapsed: 8s  Progress: 4/10 (40%) | In-flight: 0 | Elapsed: 10s

╔══════════════════════════════════════════════════════════════╗
║              JUDGE0 HARNESS LOAD TEST RESULTS               ║
╚══════════════════════════════════════════════════════════════╝

  Total Users:                   10
  Test Duration:                 11.7s
  Total Submissions:             10
  Completed:                     10
  Errors (network/poll):         0
  Blocked by AST checker:        0

  ── Queue Depth Comparison ─────────────────────────────────
  Harness jobs (actual):         10
  Batch equivalent jobs:         40
  Queue reduction factor:        4.0x
  Peak in-flight jobs:           10

  ── Latency ────────────────────────────────────────────────
  Average:                       9305ms
  p50:                           9110ms
  p95:                           9117ms
  p99:                           9117ms
  Max:                           11097ms

  ── Throughput ─────────────────────────────────────────────
  Submissions/sec:               0.85/sec

  ── Result Status Breakdown ────────────────────────────────
  PASS:                          2 (20.0%)
  FAIL:                          2 (20.0%)
  TLE:                           2 (20.0%)
  ERROR:                         4 (40.0%)

  ── Solution Type Breakdown ────────────────────────────────
  runtime_error:                 4
  accepted:                      2
  wrong_answer:                  2
  time_limit_exceeded:           2

  ── Per-Problem Breakdown ──────────────────────────────────
  lis:                           1 submissions
  two_sum:                       5 submissions
  fibonacci:                     4 submissions

  JSON report written to: batch_reports/pipelined/batch_18.json

