
  Judge0 Harness Load Tester
  ───────────────────────────────────────────────
  Target:       http://localhost:2358
  Users:        10
  Ramp-up:      2s
  Problems:     3
  Dry run:      false
  Mode:         Harness (1 job per submission)
  Batch equiv:  ~40 jobs if using batch approach
  ───────────────────────────────────────────────

  Progress: 4/10 (40%) | In-flight: 0 | Elapsed: 2s  Progress: 4/10 (40%) | In-flight: 0 | Elapsed: 4s  Progress: 4/10 (40%) | In-flight: 0 | Elapsed: 6s  Progress: 7/10 (70%) | In-flight: 0 | Elapsed: 8s

╔══════════════════════════════════════════════════════════════╗
║              JUDGE0 HARNESS LOAD TEST RESULTS               ║
╚══════════════════════════════════════════════════════════════╝

  Total Users:                   10
  Test Duration:                 8.5s
  Total Submissions:             10
  Completed:                     10
  Errors (network/poll):         0
  Blocked by AST checker:        4

  ── Queue Depth Comparison ─────────────────────────────────
  Harness jobs (actual):         10
  Batch equivalent jobs:         40
  Queue reduction factor:        4.0x
  Peak in-flight jobs:           6

  ── Latency ────────────────────────────────────────────────
  Average:                       4243ms
  p50:                           7057ms
  p95:                           7080ms
  p99:                           7080ms
  Max:                           7083ms

  ── Throughput ─────────────────────────────────────────────
  Submissions/sec:               1.18/sec

  ── Result Status Breakdown ────────────────────────────────
  TLE:                           3 (30.0%)
  ERROR:                         3 (30.0%)
  BLOCKED:                       4 (40.0%)

  ── Solution Type Breakdown ────────────────────────────────
  syntax_error:                  4
  runtime_error:                 3
  time_limit_exceeded:           3

  ── Per-Problem Breakdown ──────────────────────────────────
  two_sum:                       1 submissions
  fibonacci:                     4 submissions
  lis:                           5 submissions

  JSON report written to: batch_reports/pipelined/batch_11.json

