
  Judge0 Harness Load Tester
  ───────────────────────────────────────────────
  Target:       http://localhost:2358
  Users:        10
  Ramp-up:      2s
  Problems:     3
  Dry run:      false
  Mode:         Harness (1 job per submission)
  Batch equiv:  ~40 jobs if using batch approach
  ───────────────────────────────────────────────

  Progress: 2/10 (20%) | In-flight: 0 | Elapsed: 2s  Progress: 2/10 (20%) | In-flight: 0 | Elapsed: 4s  Progress: 6/10 (60%) | In-flight: 0 | Elapsed: 6s  Progress: 9/10 (90%) | In-flight: 0 | Elapsed: 8s

╔══════════════════════════════════════════════════════════════╗
║              JUDGE0 HARNESS LOAD TEST RESULTS               ║
╚══════════════════════════════════════════════════════════════╝

  Total Users:                   10
  Test Duration:                 8.1s
  Total Submissions:             10
  Completed:                     10
  Errors (network/poll):         0
  Blocked by AST checker:        2

  ── Queue Depth Comparison ─────────────────────────────────
  Harness jobs (actual):         10
  Batch equivalent jobs:         40
  Queue reduction factor:        4.0x
  Peak in-flight jobs:           8

  ── Latency ────────────────────────────────────────────────
  Average:                       4246ms
  p50:                           5053ms
  p95:                           5065ms
  p99:                           5065ms
  Max:                           7071ms

  ── Throughput ─────────────────────────────────────────────
  Submissions/sec:               1.24/sec

  ── Result Status Breakdown ────────────────────────────────
  PASS:                          1 (10.0%)
  FAIL:                          2 (20.0%)
  TLE:                           1 (10.0%)
  ERROR:                         4 (40.0%)
  BLOCKED:                       2 (20.0%)

  ── Solution Type Breakdown ────────────────────────────────
  time_limit_exceeded:           1
  syntax_error:                  2
  runtime_error:                 4
  accepted:                      1
  wrong_answer:                  2

  ── Per-Problem Breakdown ──────────────────────────────────
  lis:                           5 submissions
  fibonacci:                     4 submissions
  two_sum:                       1 submissions

  JSON report written to: batch_reports/pipelined/batch_04.json

