
  Judge0 Harness Load Tester
  ───────────────────────────────────────────────
  Target:       http://localhost:2358
  Users:        10
  Ramp-up:      2s
  Problems:     3
  Dry run:      false
  Mode:         Harness (1 job per submission)
  Batch equiv:  ~40 jobs if using batch approach
  ───────────────────────────────────────────────

  Progress: 0/10 (0%) | In-flight: 0 | Elapsed: 2s  Progress: 0/10 (0%) | In-flight: 0 | Elapsed: 4s  Progress: 0/10 (0%) | In-flight: 0 | Elapsed: 6s  Progress: 4/10 (40%) | In-flight: 0 | Elapsed: 8s

╔══════════════════════════════════════════════════════════════╗
║              JUDGE0 HARNESS LOAD TEST RESULTS               ║
╚══════════════════════════════════════════════════════════════╝

  Total Users:                   10
  Test Duration:                 9.3s
  Total Submissions:             10
  Completed:                     10
  Errors (network/poll):         0
  Blocked by AST checker:        0

  ── Queue Depth Comparison ─────────────────────────────────
  Harness jobs (actual):         10
  Batch equivalent jobs:         40
  Queue reduction factor:        4.0x
  Peak in-flight jobs:           10

  ── Latency ────────────────────────────────────────────────
  Average:                       7276ms
  p50:                           7069ms
  p95:                           7090ms
  p99:                           7090ms
  Max:                           9098ms

  ── Throughput ─────────────────────────────────────────────
  Submissions/sec:               1.08/sec

  ── Result Status Breakdown ────────────────────────────────
  PASS:                          2 (20.0%)
  FAIL:                          3 (30.0%)
  TLE:                           2 (20.0%)
  ERROR:                         3 (30.0%)

  ── Solution Type Breakdown ────────────────────────────────
  accepted:                      2
  wrong_answer:                  3
  runtime_error:                 3
  time_limit_exceeded:           2

  ── Per-Problem Breakdown ──────────────────────────────────
  fibonacci:                     4 submissions
  lis:                           3 submissions
  two_sum:                       3 submissions

  JSON report written to: batch_reports/pipelined/batch_12.json

