
  Judge0 Harness Load Tester
  ───────────────────────────────────────────────
  Target:       http://localhost:2358
  Users:        10
  Ramp-up:      2s
  Problems:     3
  Dry run:      false
  Mode:         Harness (1 job per submission)
  Batch equiv:  ~40 jobs if using batch approach
  ───────────────────────────────────────────────

  Progress: 0/10 (0%) | In-flight: 0 | Elapsed: 2s  Progress: 0/10 (0%) | In-flight: 0 | Elapsed: 4s  Progress: 3/10 (30%) | In-flight: 0 | Elapsed: 6s

╔══════════════════════════════════════════════════════════════╗
║              JUDGE0 HARNESS LOAD TEST RESULTS               ║
╚══════════════════════════════════════════════════════════════╝

  Total Users:                   10
  Test Duration:                 7.9s
  Total Submissions:             10
  Completed:                     10
  Errors (network/poll):         0
  Blocked by AST checker:        0

  ── Queue Depth Comparison ─────────────────────────────────
  Harness jobs (actual):         10
  Batch equivalent jobs:         40
  Queue reduction factor:        4.0x
  Peak in-flight jobs:           10

  ── Latency ────────────────────────────────────────────────
  Average:                       5456ms
  p50:                           5053ms
  p95:                           7062ms
  p99:                           7062ms
  Max:                           7066ms

  ── Throughput ─────────────────────────────────────────────
  Submissions/sec:               1.27/sec

  ── Result Status Breakdown ────────────────────────────────
  PASS:                          3 (30.0%)
  TLE:                           3 (30.0%)
  ERROR:                         4 (40.0%)

  ── Solution Type Breakdown ────────────────────────────────
  runtime_error:                 4
  accepted:                      3
  time_limit_exceeded:           3

  ── Per-Problem Breakdown ──────────────────────────────────
  fibonacci:                     5 submissions
  two_sum:                       3 submissions
  lis:                           2 submissions

  JSON report written to: batch_reports/pipelined/batch_10.json

