
  Judge0 Harness Load Tester
  ───────────────────────────────────────────────
  Target:       http://localhost:2358
  Users:        10
  Ramp-up:      2s
  Problems:     3
  Dry run:      false
  Mode:         Harness (1 job per submission)
  Batch equiv:  ~40 jobs if using batch approach
  ───────────────────────────────────────────────

  Progress: 1/10 (10%) | In-flight: 0 | Elapsed: 2s  Progress: 1/10 (10%) | In-flight: 0 | Elapsed: 4s  Progress: 1/10 (10%) | In-flight: 0 | Elapsed: 6s  Progress: 4/10 (40%) | In-flight: 0 | Elapsed: 8s  Progress: 8/10 (80%) | In-flight: 0 | Elapsed: 10s  Progress: 9/10 (90%) | In-flight: 0 | Elapsed: 12s

╔══════════════════════════════════════════════════════════════╗
║              JUDGE0 HARNESS LOAD TEST RESULTS               ║
╚══════════════════════════════════════════════════════════════╝

  Total Users:                   10
  Test Duration:                 12.3s
  Total Submissions:             10
  Completed:                     10
  Errors (network/poll):         0
  Blocked by AST checker:        1

  ── Queue Depth Comparison ─────────────────────────────────
  Harness jobs (actual):         10
  Batch equivalent jobs:         40
  Queue reduction factor:        4.0x
  Peak in-flight jobs:           9

  ── Latency ────────────────────────────────────────────────
  Average:                       7393ms
  p50:                           7115ms
  p95:                           9114ms
  p99:                           9114ms
  Max:                           11120ms

  ── Throughput ─────────────────────────────────────────────
  Submissions/sec:               0.81/sec

  ── Result Status Breakdown ────────────────────────────────
  FAIL:                          2 (20.0%)
  TLE:                           3 (30.0%)
  ERROR:                         4 (40.0%)
  BLOCKED:                       1 (10.0%)

  ── Solution Type Breakdown ────────────────────────────────
  syntax_error:                  1
  wrong_answer:                  2
  runtime_error:                 4
  time_limit_exceeded:           3

  ── Per-Problem Breakdown ──────────────────────────────────
  lis:                           4 submissions
  fibonacci:                     3 submissions
  two_sum:                       3 submissions

  JSON report written to: batch_reports/pipelined/batch_15.json

