
  Judge0 Harness Load Tester
  ───────────────────────────────────────────────
  Target:       http://localhost:2358
  Users:        10
  Ramp-up:      2s
  Problems:     3
  Dry run:      false
  Mode:         Harness (1 job per submission)
  Batch equiv:  ~40 jobs if using batch approach
  ───────────────────────────────────────────────

  Progress: 1/10 (10%) | In-flight: 0 | Elapsed: 2s  Progress: 1/10 (10%) | In-flight: 0 | Elapsed: 4s  Progress: 1/10 (10%) | In-flight: 0 | Elapsed: 6s  Progress: 2/10 (20%) | In-flight: 0 | Elapsed: 8s  Progress: 8/10 (80%) | In-flight: 0 | Elapsed: 10s

╔══════════════════════════════════════════════════════════════╗
║              JUDGE0 HARNESS LOAD TEST RESULTS               ║
╚══════════════════════════════════════════════════════════════╝

  Total Users:                   10
  Test Duration:                 10.3s
  Total Submissions:             10
  Completed:                     10
  Errors (network/poll):         0
  Blocked by AST checker:        1

  ── Queue Depth Comparison ─────────────────────────────────
  Harness jobs (actual):         10
  Batch equivalent jobs:         40
  Queue reduction factor:        4.0x
  Peak in-flight jobs:           9

  ── Latency ────────────────────────────────────────────────
  Average:                       7590ms
  p50:                           9080ms
  p95:                           9128ms
  p99:                           9128ms
  Max:                           9128ms

  ── Throughput ─────────────────────────────────────────────
  Submissions/sec:               0.97/sec

  ── Result Status Breakdown ────────────────────────────────
  PASS:                          1 (10.0%)
  FAIL:                          5 (50.0%)
  ERROR:                         3 (30.0%)
  BLOCKED:                       1 (10.0%)

  ── Solution Type Breakdown ────────────────────────────────
  syntax_error:                  1
  runtime_error:                 3
  wrong_answer:                  5
  accepted:                      1

  ── Per-Problem Breakdown ──────────────────────────────────
  fibonacci:                     5 submissions
  lis:                           2 submissions
  two_sum:                       3 submissions

  JSON report written to: batch_reports/pipelined/batch_19.json

