
  Judge0 Harness Load Tester
  ───────────────────────────────────────────────
  Target:       http://localhost:2358
  Users:        10
  Ramp-up:      2s
  Problems:     3
  Dry run:      false
  Mode:         Harness (1 job per submission)
  Batch equiv:  ~40 jobs if using batch approach
  ───────────────────────────────────────────────

  Progress: 2/10 (20%) | In-flight: 0 | Elapsed: 2s  Progress: 2/10 (20%) | In-flight: 0 | Elapsed: 4s  Progress: 3/10 (30%) | In-flight: 0 | Elapsed: 6s  Progress: 9/10 (90%) | In-flight: 0 | Elapsed: 8s

╔══════════════════════════════════════════════════════════════╗
║              JUDGE0 HARNESS LOAD TEST RESULTS               ║
╚══════════════════════════════════════════════════════════════╝

  Total Users:                   10
  Test Duration:                 8.1s
  Total Submissions:             10
  Completed:                     10
  Errors (network/poll):         0
  Blocked by AST checker:        2

  ── Queue Depth Comparison ─────────────────────────────────
  Harness jobs (actual):         10
  Batch equivalent jobs:         40
  Queue reduction factor:        4.0x
  Peak in-flight jobs:           8

  ── Latency ────────────────────────────────────────────────
  Average:                       4848ms
  p50:                           5058ms
  p95:                           7073ms
  p99:                           7073ms
  Max:                           7074ms

  ── Throughput ─────────────────────────────────────────────
  Submissions/sec:               1.24/sec

  ── Result Status Breakdown ────────────────────────────────
  PASS:                          2 (20.0%)
  FAIL:                          2 (20.0%)
  TLE:                           3 (30.0%)
  ERROR:                         1 (10.0%)
  BLOCKED:                       2 (20.0%)

  ── Solution Type Breakdown ────────────────────────────────
  syntax_error:                  2
  runtime_error:                 1
  wrong_answer:                  2
  accepted:                      2
  time_limit_exceeded:           3

  ── Per-Problem Breakdown ──────────────────────────────────
  lis:                           4 submissions
  fibonacci:                     3 submissions
  two_sum:                       3 submissions

  JSON report written to: batch_reports/pipelined/batch_03.json

