
  Judge0 Harness Load Tester
  ───────────────────────────────────────────────
  Target:       http://localhost:2358
  Users:        10
  Ramp-up:      2s
  Problems:     3
  Dry run:      false
  Mode:         Harness (1 job per submission)
  Batch equiv:  ~40 jobs if using batch approach
  ───────────────────────────────────────────────

  Progress: 2/10 (20%) | In-flight: 0 | Elapsed: 2s  Progress: 2/10 (20%) | In-flight: 0 | Elapsed: 4s  Progress: 2/10 (20%) | In-flight: 0 | Elapsed: 6s  Progress: 2/10 (20%) | In-flight: 0 | Elapsed: 8s  Progress: 8/10 (80%) | In-flight: 0 | Elapsed: 10s

╔══════════════════════════════════════════════════════════════╗
║              JUDGE0 HARNESS LOAD TEST RESULTS               ║
╚══════════════════════════════════════════════════════════════╝

  Total Users:                   10
  Test Duration:                 10.3s
  Total Submissions:             10
  Completed:                     10
  Errors (network/poll):         0
  Blocked by AST checker:        2

  ── Queue Depth Comparison ─────────────────────────────────
  Harness jobs (actual):         10
  Batch equivalent jobs:         40
  Queue reduction factor:        4.0x
  Peak in-flight jobs:           8

  ── Latency ────────────────────────────────────────────────
  Average:                       6876ms
  p50:                           9082ms
  p95:                           9098ms
  p99:                           9098ms
  Max:                           9135ms

  ── Throughput ─────────────────────────────────────────────
  Submissions/sec:               0.97/sec

  ── Result Status Breakdown ────────────────────────────────
  PASS:                          3 (30.0%)
  FAIL:                          1 (10.0%)
  TLE:                           4 (40.0%)
  BLOCKED:                       2 (20.0%)

  ── Solution Type Breakdown ────────────────────────────────
  syntax_error:                  2
  accepted:                      3
  time_limit_exceeded:           4
  wrong_answer:                  1

  ── Per-Problem Breakdown ──────────────────────────────────
  two_sum:                       4 submissions
  lis:                           4 submissions
  fibonacci:                     2 submissions

  JSON report written to: batch_reports/pipelined/batch_17.json

