
  Judge0 Harness Load Tester
  ───────────────────────────────────────────────
  Target:       http://localhost:2358
  Users:        10
  Ramp-up:      2s
  Problems:     3
  Dry run:      false
  Mode:         Harness (1 job per submission)
  Batch equiv:  ~40 jobs if using batch approach
  ───────────────────────────────────────────────

  Progress: 3/10 (30%) | In-flight: 0 | Elapsed: 2s  Progress: 3/10 (30%) | In-flight: 0 | Elapsed: 4s  Progress: 5/10 (50%) | In-flight: 0 | Elapsed: 6s

╔══════════════════════════════════════════════════════════════╗
║              JUDGE0 HARNESS LOAD TEST RESULTS               ║
╚══════════════════════════════════════════════════════════════╝

  Total Users:                   10
  Test Duration:                 7.1s
  Total Submissions:             10
  Completed:                     10
  Errors (network/poll):         0
  Blocked by AST checker:        3

  ── Queue Depth Comparison ─────────────────────────────────
  Harness jobs (actual):         10
  Batch equivalent jobs:         40
  Queue reduction factor:        4.0x
  Peak in-flight jobs:           7

  ── Latency ────────────────────────────────────────────────
  Average:                       3738ms
  p50:                           5048ms
  p95:                           5062ms
  p99:                           5062ms
  Max:                           7066ms

  ── Throughput ─────────────────────────────────────────────
  Submissions/sec:               1.42/sec

  ── Result Status Breakdown ────────────────────────────────
  PASS:                          1 (10.0%)
  FAIL:                          2 (20.0%)
  TLE:                           1 (10.0%)
  ERROR:                         3 (30.0%)
  BLOCKED:                       3 (30.0%)

  ── Solution Type Breakdown ────────────────────────────────
  runtime_error:                 3
  time_limit_exceeded:           1
  syntax_error:                  3
  wrong_answer:                  2
  accepted:                      1

  ── Per-Problem Breakdown ──────────────────────────────────
  fibonacci:                     1 submissions
  two_sum:                       5 submissions
  lis:                           4 submissions

  JSON report written to: batch_reports/pipelined/batch_05.json

