
  Judge0 Harness Load Tester
  ───────────────────────────────────────────────
  Target:       http://localhost:2358
  Users:        10
  Ramp-up:      2s
  Problems:     3
  Dry run:      false
  Mode:         Harness (1 job per submission)
  Batch equiv:  ~40 jobs if using batch approach
  ───────────────────────────────────────────────

  Progress: 1/10 (10%) | In-flight: 0 | Elapsed: 2s  Progress: 1/10 (10%) | In-flight: 0 | Elapsed: 4s  Progress: 7/10 (70%) | In-flight: 0 | Elapsed: 6s

╔══════════════════════════════════════════════════════════════╗
║              JUDGE0 HARNESS LOAD TEST RESULTS               ║
╚══════════════════════════════════════════════════════════════╝

  Total Users:                   10
  Test Duration:                 6.4s
  Total Submissions:             10
  Completed:                     10
  Errors (network/poll):         0
  Blocked by AST checker:        1

  ── Queue Depth Comparison ─────────────────────────────────
  Harness jobs (actual):         10
  Batch equivalent jobs:         40
  Queue reduction factor:        4.0x
  Peak in-flight jobs:           9

  ── Latency ────────────────────────────────────────────────
  Average:                       4347ms
  p50:                           5054ms
  p95:                           5064ms
  p99:                           5064ms
  Max:                           5074ms

  ── Throughput ─────────────────────────────────────────────
  Submissions/sec:               1.55/sec

  ── Result Status Breakdown ────────────────────────────────
  PASS:                          4 (40.0%)
  FAIL:                          4 (40.0%)
  ERROR:                         1 (10.0%)
  BLOCKED:                       1 (10.0%)

  ── Solution Type Breakdown ────────────────────────────────
  syntax_error:                  1
  wrong_answer:                  4
  accepted:                      4
  runtime_error:                 1

  ── Per-Problem Breakdown ──────────────────────────────────
  lis:                           5 submissions
  two_sum:                       2 submissions
  fibonacci:                     3 submissions

  JSON report written to: batch_reports/pipelined/batch_08.json

