
  Judge0 Harness Load Tester
  ───────────────────────────────────────────────
  Target:       http://localhost:2358
  Users:        10
  Ramp-up:      2s
  Problems:     3
  Dry run:      false
  Mode:         Harness (1 job per submission)
  Batch equiv:  ~40 jobs if using batch approach
  ───────────────────────────────────────────────

  Progress: 1/10 (10%) | In-flight: 0 | Elapsed: 2s  Progress: 1/10 (10%) | In-flight: 0 | Elapsed: 4s  Progress: 1/10 (10%) | In-flight: 0 | Elapsed: 6s  Progress: 5/10 (50%) | In-flight: 0 | Elapsed: 8s  Progress: 9/10 (90%) | In-flight: 0 | Elapsed: 10s  Progress: 9/10 (90%) | In-flight: 0 | Elapsed: 12s

╔══════════════════════════════════════════════════════════════╗
║              JUDGE0 HARNESS LOAD TEST RESULTS               ║
╚══════════════════════════════════════════════════════════════╝

  Total Users:                   10
  Test Duration:                 12.8s
  Total Submissions:             10
  Completed:                     10
  Errors (network/poll):         0
  Blocked by AST checker:        1

  ── Queue Depth Comparison ─────────────────────────────────
  Harness jobs (actual):         10
  Batch equivalent jobs:         40
  Queue reduction factor:        4.0x
  Peak in-flight jobs:           9

  ── Latency ────────────────────────────────────────────────
  Average:                       6790ms
  p50:                           7088ms
  p95:                           7124ms
  p99:                           7124ms
  Max:                           11153ms

  ── Throughput ─────────────────────────────────────────────
  Submissions/sec:               0.78/sec

  ── Result Status Breakdown ────────────────────────────────
  FAIL:                          4 (40.0%)
  TLE:                           1 (10.0%)
  ERROR:                         4 (40.0%)
  BLOCKED:                       1 (10.0%)

  ── Solution Type Breakdown ────────────────────────────────
  syntax_error:                  1
  wrong_answer:                  4
  runtime_error:                 4
  time_limit_exceeded:           1

  ── Per-Problem Breakdown ──────────────────────────────────
  fibonacci:                     1 submissions
  two_sum:                       6 submissions
  lis:                           3 submissions

  JSON report written to: batch_reports/pipelined/batch_14.json

